2023-07-12 09:33:43 info: tempDirectory:c:\Users\Xypher Solutions Inc\.vscode\extensions\embold-vscode.embold-0.1.5\temp
2023-07-12 09:33:43 info: Extraction complete for source: c:\Users\Xypher Solutions Inc\.vscode\extensions\embold-vscode.embold-0.1.5\resources\embold-scanner-archive.zip, destination: c:\Users\Xypher Solutions Inc\.vscode\extensions\embold-vscode.embold-0.1.5\temp
2023-07-12 09:33:43 info: Congratulations, your extension "Embold" is now active!
2023-07-12 10:50:50 info: file:///c%3A/Users/Xypher%20Solutions%20Inc/Desktop/Strat/BE/model/messages
2023-07-12 10:50:50 error: SQLITE_ERROR: no such table: issues
2023-07-12 13:08:27 info: file:///c%3A/Users/Xypher%20Solutions%20Inc/Desktop/Strat/BE/.git/index.lock
2023-07-12 13:08:27 error: SQLITE_ERROR: no such table: issues
2023-07-12 13:09:11 info: file:///c%3A/Users/Xypher%20Solutions%20Inc/Desktop/Strat/BE/.git/index.lock
2023-07-12 13:09:11 error: SQLITE_ERROR: no such table: issues
2023-07-12 13:53:26 info: tempDirectory:c:\Users\Xypher Solutions Inc\.vscode\extensions\embold-vscode.embold-0.1.5\temp
2023-07-12 13:53:26 info: Extraction complete for source: c:\Users\Xypher Solutions Inc\.vscode\extensions\embold-vscode.embold-0.1.5\resources\embold-scanner-archive.zip, destination: c:\Users\Xypher Solutions Inc\.vscode\extensions\embold-vscode.embold-0.1.5\temp
2023-07-12 13:53:26 info: Congratulations, your extension "Embold" is now active!
2023-07-18 14:33:18 info: tempDirectory:c:\Users\Xypher Solutions Inc\.vscode\extensions\embold-vscode.embold-0.1.5\temp
2023-07-18 14:33:18 info: Extraction complete for source: c:\Users\Xypher Solutions Inc\.vscode\extensions\embold-vscode.embold-0.1.5\resources\embold-scanner-archive.zip, destination: c:\Users\Xypher Solutions Inc\.vscode\extensions\embold-vscode.embold-0.1.5\temp
2023-07-18 14:33:18 info: Congratulations, your extension "Embold" is now active!
2023-07-18 14:33:49 info: file:///c%3A/Users/Xypher%20Solutions%20Inc/Desktop/Strat/BE/.git/index.lock
2023-07-18 14:33:49 error: SQLITE_ERROR: no such table: issues
2023-07-18 14:33:56 info: file:///c%3A/Users/Xypher%20Solutions%20Inc/Desktop/Strat/BE/.git/index.lock
2023-07-18 14:33:56 info: file:///c%3A/Users/Xypher%20Solutions%20Inc/Desktop/Strat/BE/.git/refs/heads/master.lock
2023-07-18 14:33:56 error: SQLITE_ERROR: no such table: issues
2023-07-18 14:33:56 error: SQLITE_ERROR: no such table: issues
2023-07-18 14:34:05 info: file:///c%3A/Users/Xypher%20Solutions%20Inc/Desktop/Strat/BE/.git/refs/remotes/origin/master.lock
2023-07-18 14:34:05 error: SQLITE_ERROR: no such table: issues
2023-07-18 14:43:44 info: file:///c%3A/Users/Xypher%20Solutions%20Inc/Desktop/Strat/BE/.git/index.lock
2023-07-18 14:43:44 error: SQLITE_ERROR: no such table: issues
2023-07-21 08:33:05 info: tempDirectory:c:\Users\Xypher Solutions Inc\.vscode\extensions\embold-vscode.embold-0.1.5\temp
2023-07-21 08:33:05 info: Extraction complete for source: c:\Users\Xypher Solutions Inc\.vscode\extensions\embold-vscode.embold-0.1.5\resources\embold-scanner-archive.zip, destination: c:\Users\Xypher Solutions Inc\.vscode\extensions\embold-vscode.embold-0.1.5\temp
2023-07-21 08:33:05 info: Congratulations, your extension "Embold" is now active!
2023-08-03 13:40:26 info: tempDirectory:c:\Users\Xypher Solutions Inc\.vscode\extensions\embold-vscode.embold-0.1.5\temp
2023-08-03 13:40:26 info: Extraction complete for source: c:\Users\Xypher Solutions Inc\.vscode\extensions\embold-vscode.embold-0.1.5\resources\embold-scanner-archive.zip, destination: c:\Users\Xypher Solutions Inc\.vscode\extensions\embold-vscode.embold-0.1.5\temp
2023-08-03 13:40:26 info: Congratulations, your extension "Embold" is now active!
2023-08-03 14:04:44 info: tempDirectory:c:\Users\Xypher Solutions Inc\.vscode\extensions\embold-vscode.embold-0.1.5\temp
2023-08-03 14:04:44 info: Extraction complete for source: c:\Users\Xypher Solutions Inc\.vscode\extensions\embold-vscode.embold-0.1.5\resources\embold-scanner-archive.zip, destination: c:\Users\Xypher Solutions Inc\.vscode\extensions\embold-vscode.embold-0.1.5\temp
2023-08-03 14:04:44 info: Congratulations, your extension "Embold" is now active!
2023-08-03 14:05:11 info: file:///c%3A/Users/Xypher%20Solutions%20Inc/Desktop/Strat/BE/model/user/userGraph
2023-08-03 14:05:11 error: SQLITE_ERROR: no such table: issues
2023-08-03 14:11:09 info: file:///c%3A/Users/Xypher%20Solutions%20Inc/Desktop/Strat/BE/routes/graph
2023-08-03 14:11:09 error: SQLITE_ERROR: no such table: issues
2023-08-04 10:50:04 info: tempDirectory:c:\Users\Xypher Solutions Inc\.vscode\extensions\embold-vscode.embold-0.1.5\temp
2023-08-04 10:50:04 info: Extraction complete for source: c:\Users\Xypher Solutions Inc\.vscode\extensions\embold-vscode.embold-0.1.5\resources\embold-scanner-archive.zip, destination: c:\Users\Xypher Solutions Inc\.vscode\extensions\embold-vscode.embold-0.1.5\temp
2023-08-04 10:50:04 info: Congratulations, your extension "Embold" is now active!
2023-08-04 11:59:11 info: file:///c%3A/Users/Xypher%20Solutions%20Inc/Desktop/Strat/BE/.git/index.lock
2023-08-04 11:59:11 error: SQLITE_ERROR: no such table: issues
2023-08-04 11:59:19 info: file:///c%3A/Users/Xypher%20Solutions%20Inc/Desktop/Strat/BE/.git/index.lock
2023-08-04 11:59:19 error: SQLITE_ERROR: no such table: issues
2023-08-07 15:18:14 info: tempDirectory:c:\Users\Xypher Solutions Inc\.vscode\extensions\embold-vscode.embold-0.1.5\temp
2023-08-07 15:18:14 info: Extraction complete for source: c:\Users\Xypher Solutions Inc\.vscode\extensions\embold-vscode.embold-0.1.5\resources\embold-scanner-archive.zip, destination: c:\Users\Xypher Solutions Inc\.vscode\extensions\embold-vscode.embold-0.1.5\temp
2023-08-07 15:18:14 info: Congratulations, your extension "Embold" is now active!
2023-08-11 09:23:51 info: tempDirectory:c:\Users\Xypher Solutions Inc\.vscode\extensions\embold-vscode.embold-0.1.5\temp
2023-08-11 09:23:51 info: Extraction complete for source: c:\Users\Xypher Solutions Inc\.vscode\extensions\embold-vscode.embold-0.1.5\resources\embold-scanner-archive.zip, destination: c:\Users\Xypher Solutions Inc\.vscode\extensions\embold-vscode.embold-0.1.5\temp
2023-08-11 09:23:51 info: Congratulations, your extension "Embold" is now active!
2023-08-14 11:42:50 info: tempDirectory:c:\Users\Xypher Solutions Inc\.vscode\extensions\embold-vscode.embold-0.1.5\temp
2023-08-14 11:42:50 info: Extraction complete for source: c:\Users\Xypher Solutions Inc\.vscode\extensions\embold-vscode.embold-0.1.5\resources\embold-scanner-archive.zip, destination: c:\Users\Xypher Solutions Inc\.vscode\extensions\embold-vscode.embold-0.1.5\temp
2023-08-14 11:42:50 info: Congratulations, your extension "Embold" is now active!
2023-08-14 13:32:32 info: tempDirectory:c:\Users\Xypher Solutions Inc\.vscode\extensions\embold-vscode.embold-0.1.5\temp
2023-08-14 13:32:32 info: Extraction complete for source: c:\Users\Xypher Solutions Inc\.vscode\extensions\embold-vscode.embold-0.1.5\resources\embold-scanner-archive.zip, destination: c:\Users\Xypher Solutions Inc\.vscode\extensions\embold-vscode.embold-0.1.5\temp
2023-08-14 13:32:32 info: Congratulations, your extension "Embold" is now active!
2023-08-14 14:09:20 info: tempDirectory:c:\Users\Xypher Solutions Inc\.vscode\extensions\embold-vscode.embold-0.1.5\temp
2023-08-14 14:09:20 info: Extraction complete for source: c:\Users\Xypher Solutions Inc\.vscode\extensions\embold-vscode.embold-0.1.5\resources\embold-scanner-archive.zip, destination: c:\Users\Xypher Solutions Inc\.vscode\extensions\embold-vscode.embold-0.1.5\temp
2023-08-14 14:09:20 info: Congratulations, your extension "Embold" is now active!
2023-08-16 14:44:00 info: tempDirectory:c:\Users\Xypher Solutions Inc\.vscode\extensions\embold-vscode.embold-0.1.5\temp
2023-08-16 14:44:00 info: Extraction complete for source: c:\Users\Xypher Solutions Inc\.vscode\extensions\embold-vscode.embold-0.1.5\resources\embold-scanner-archive.zip, destination: c:\Users\Xypher Solutions Inc\.vscode\extensions\embold-vscode.embold-0.1.5\temp
2023-08-16 14:44:00 info: Congratulations, your extension "Embold" is now active!
2023-08-17 08:34:48 info: tempDirectory:c:\Users\Xypher Solutions Inc\.vscode\extensions\embold-vscode.embold-0.1.5\temp
2023-08-17 08:34:48 info: Extraction complete for source: c:\Users\Xypher Solutions Inc\.vscode\extensions\embold-vscode.embold-0.1.5\resources\embold-scanner-archive.zip, destination: c:\Users\Xypher Solutions Inc\.vscode\extensions\embold-vscode.embold-0.1.5\temp
2023-08-17 08:34:48 info: Congratulations, your extension "Embold" is now active!
2023-08-17 14:39:03 info: tempDirectory:c:\Users\Xypher Solutions Inc\.vscode\extensions\embold-vscode.embold-0.1.5\temp
2023-08-17 14:39:03 info: Extraction complete for source: c:\Users\Xypher Solutions Inc\.vscode\extensions\embold-vscode.embold-0.1.5\resources\embold-scanner-archive.zip, destination: c:\Users\Xypher Solutions Inc\.vscode\extensions\embold-vscode.embold-0.1.5\temp
2023-08-17 14:39:03 info: Congratulations, your extension "Embold" is now active!
2023-08-22 13:05:39 info: tempDirectory:c:\Users\Xypher Solutions Inc\.vscode\extensions\embold-vscode.embold-0.1.5\temp
2023-08-22 13:05:39 info: Extraction complete for source: c:\Users\Xypher Solutions Inc\.vscode\extensions\embold-vscode.embold-0.1.5\resources\embold-scanner-archive.zip, destination: c:\Users\Xypher Solutions Inc\.vscode\extensions\embold-vscode.embold-0.1.5\temp
2023-08-22 13:05:39 info: Congratulations, your extension "Embold" is now active!
